<?xml version="1.0" encoding="UTF-8"?>
<!-- Generated by org.testng.reporters.JUnitReportReporter -->
<testsuite skipped="0" hostname="DEL1-LHP-N72534" name="UiTest" tests="1" failures="0" timestamp="2021-11-29T15:48:33 IST" time="13.543" errors="0">
  <testcase name="startBrowser" time="13.543" classname="UiTest"/>
  <system-out/>
</testsuite> <!-- UiTest -->
