<?xml version="1.0" encoding="UTF-8"?>
<!-- Generated by org.testng.reporters.JUnitReportReporter -->
<testsuite skipped="0" hostname="DEL1-LHP-N72534" name="UiTest" tests="1" failures="0" timestamp="2021-11-29T16:39:13 IST" time="10.751" errors="0">
  <testcase name="startBrowser" time="10.751" classname="UiTest"/>
  <system-out/>
</testsuite> <!-- UiTest -->
